<?xml version="1.0" encoding="UTF-8"?>
<testsuite name="guru.qa.JsonTest" tests="1" skipped="0" failures="0" errors="0" timestamp="2023-05-08T06:08:19" hostname="PCDENIS" time="0.174">
  <properties/>
  <testcase name="jsonBenefitsTest()" classname="guru.qa.JsonTest" time="0.174"/>
  <system-out><![CDATA[]]></system-out>
  <system-err><![CDATA[]]></system-err>
</testsuite>
